<?xml version="1.0" encoding="UTF-8"?>
<testng-results total="1" passed="1" failed="0" skipped="0">
  <reporter-output>
  </reporter-output>
  <suite started-at="2021-11-21T14:57:41Z" name="Suite" finished-at="2021-11-21T14:57:51Z" duration-ms="10585">
    <groups>
    </groups>
    <test started-at="2021-11-21T14:57:41Z" name="Test" finished-at="2021-11-21T14:57:51Z" duration-ms="10585">
      <class name="Testing_Maven.testing.Login">
        <test-method is-config="true" signature="Setup()[pri:0, instance:Testing_Maven.testing.Login@52719fb6]" started-at="2021-11-21T14:57:41Z" name="Setup" finished-at="2021-11-21T14:57:49Z" duration-ms="8403" status="PASS">
        </test-method> <!-- Setup -->
        <test-method signature="Testcase1(java.lang.String, java.lang.String)[pri:0, instance:Testing_Maven.testing.Login@52719fb6]" started-at="2021-11-21T14:57:49Z" name="Testcase1" finished-at="2021-11-21T14:57:51Z" duration-ms="1913" status="PASS">
          <params>
            <param index="0">
              <value>
                <![CDATA[sahith]]>
              </value>
            </param>
            <param index="1">
              <value>
                <![CDATA[reddy]]>
              </value>
            </param>
          </params>
        </test-method> <!-- Testcase1 -->
        <test-method is-config="true" signature="Clean()[pri:0, instance:Testing_Maven.testing.Login@52719fb6]" started-at="2021-11-21T14:57:51Z" name="Clean" finished-at="2021-11-21T14:57:51Z" duration-ms="248" status="PASS">
        </test-method> <!-- Clean -->
      </class> <!-- Testing_Maven.testing.Login -->
    </test> <!-- Test -->
  </suite> <!-- Suite -->
</testng-results>
