<?xml version="1.0" encoding="UTF-8"?>
<testng-results total="1" passed="1" failed="0" skipped="0">
  <reporter-output>
  </reporter-output>
  <suite started-at="2021-11-21T04:38:57Z" name="Suite" finished-at="2021-11-21T04:39:11Z" duration-ms="14357">
    <groups>
    </groups>
    <test started-at="2021-11-21T04:38:57Z" name="Test" finished-at="2021-11-21T04:39:11Z" duration-ms="14357">
      <class name="Testing_Maven.testing.Login">
        <test-method is-config="true" signature="Setup()[pri:0, instance:Testing_Maven.testing.Login@5d43661b]" started-at="2021-11-21T04:38:57Z" name="Setup" finished-at="2021-11-21T04:39:08Z" duration-ms="11647" status="PASS">
        </test-method> <!-- Setup -->
        <test-method signature="Testcase1(java.lang.String, java.lang.String)[pri:0, instance:Testing_Maven.testing.Login@5d43661b]" started-at="2021-11-21T04:39:08Z" name="Testcase1" finished-at="2021-11-21T04:39:10Z" duration-ms="1884" status="PASS">
          <params>
            <param index="0">
              <value>
                <![CDATA[sahith]]>
              </value>
            </param>
            <param index="1">
              <value>
                <![CDATA[reddy]]>
              </value>
            </param>
          </params>
        </test-method> <!-- Testcase1 -->
        <test-method is-config="true" signature="Clean()[pri:0, instance:Testing_Maven.testing.Login@5d43661b]" started-at="2021-11-21T04:39:10Z" name="Clean" finished-at="2021-11-21T04:39:11Z" duration-ms="788" status="PASS">
        </test-method> <!-- Clean -->
      </class> <!-- Testing_Maven.testing.Login -->
    </test> <!-- Test -->
  </suite> <!-- Suite -->
</testng-results>
